<?xml version="1.0" encoding="UTF-8"?>
<!-- Generated by org.testng.reporters.JUnitReportReporter -->
<testsuite skipped="0" hostname="Jordan-PC" name="com.crm.qa.testcases.LoginPageTest" tests="1" failures="0" timestamp="14 Mar 2020 18:22:23 GMT" time="85.651" errors="0">
  <testcase name="loginTest" time="85.651" classname="com.crm.qa.testcases.LoginPageTest"/>
</testsuite> <!-- com.crm.qa.testcases.LoginPageTest -->
