<?xml version="1.0" encoding="UTF-8"?>
<!-- Generated by org.testng.reporters.JUnitReportReporter -->
<testsuite skipped="0" hostname="Jordan-PC" name="com.crm.qa.testcases.LoginPageTest" tests="1" failures="0" timestamp="05 Mar 2020 09:10:01 GMT" time="32.821" errors="0">
  <testcase name="loginTest" time="32.821" classname="com.crm.qa.testcases.LoginPageTest"/>
</testsuite> <!-- com.crm.qa.testcases.LoginPageTest -->
